#! /c/Source/iverilog-install/bin/vvp
:ivl_version "12.0 (devel)" "(s20150603-1110-g18392a46)";
:ivl_delay_selection "TYPICAL";
:vpi_time_precision - 12;
:vpi_module "c:\iverilog\lib\ivl\system.vpi";
:vpi_module "c:\iverilog\lib\ivl\vhdl_sys.vpi";
:vpi_module "c:\iverilog\lib\ivl\vhdl_textio.vpi";
:vpi_module "c:\iverilog\lib\ivl\v2005_math.vpi";
:vpi_module "c:\iverilog\lib\ivl\va_math.vpi";
S_00000212bc2f0da0 .scope module, "tb_line_buffer" "tb_line_buffer" 2 3;
 .timescale -9 -12;
L_00000212bc2eee60 .functor BUFZ 72, v00000212bc354ff0_0, C4<000000000000000000000000000000000000000000000000000000000000000000000000>, C4<000000000000000000000000000000000000000000000000000000000000000000000000>, C4<000000000000000000000000000000000000000000000000000000000000000000000000>;
v00000212bc3547d0_0 .net *"_ivl_11", 71 0, L_00000212bc2eee60;  1 drivers
v00000212bc3549b0_0 .var "clk", 0 0;
v00000212bc3540f0_0 .var/i "i", 31 0;
v00000212bc354c30 .array "image", 15 0, 7 0;
v00000212bc354f50_0 .var "pixel_in", 7 0;
v00000212bc354550_0 .var "pixel_valid", 0 0;
v00000212bc354730_0 .var "rst", 0 0;
v00000212bc354690_0 .net "win0", 7 0, L_00000212bc354a50;  1 drivers
v00000212bc354910_0 .net "win1", 7 0, L_00000212bc3573f0;  1 drivers
v00000212bc354190_0 .net "win2", 7 0, L_00000212bc356f90;  1 drivers
v00000212bc354b90_0 .net "win3", 7 0, L_00000212bc3570d0;  1 drivers
v00000212bc354230_0 .net "win4", 7 0, L_00000212bc357490;  1 drivers
v00000212bc354cd0_0 .net "win5", 7 0, L_00000212bc356ef0;  1 drivers
v00000212bc3542d0_0 .net "win6", 7 0, L_00000212bc3577b0;  1 drivers
v00000212bc354d70_0 .net "win7", 7 0, L_00000212bc356d10;  1 drivers
v00000212bc354370_0 .net "win8", 7 0, L_00000212bc356450;  1 drivers
v00000212bc354410_0 .net "window_out", 71 0, v00000212bc354ff0_0;  1 drivers
v00000212bc3544b0_0 .net "window_valid", 0 0, v00000212bc354eb0_0;  1 drivers
E_00000212bc2eea90 .event posedge, v00000212bc2efc60_0;
L_00000212bc354a50 .part L_00000212bc2eee60, 64, 8;
L_00000212bc3573f0 .part L_00000212bc2eee60, 56, 8;
L_00000212bc356f90 .part L_00000212bc2eee60, 48, 8;
L_00000212bc3570d0 .part L_00000212bc2eee60, 40, 8;
L_00000212bc357490 .part L_00000212bc2eee60, 32, 8;
L_00000212bc356ef0 .part L_00000212bc2eee60, 24, 8;
L_00000212bc3577b0 .part L_00000212bc2eee60, 16, 8;
L_00000212bc356d10 .part L_00000212bc2eee60, 8, 8;
L_00000212bc356450 .part L_00000212bc2eee60, 0, 8;
S_00000212bc2f9f30 .scope module, "uut" "line_buffer" 2 20, 3 3 0, S_00000212bc2f0da0;
 .timescale -9 -12;
    .port_info 0 /INPUT 1 "clk";
    .port_info 1 /INPUT 1 "rst";
    .port_info 2 /INPUT 1 "pixel_valid";
    .port_info 3 /INPUT 8 "pixel_in";
    .port_info 4 /OUTPUT 1 "window_valid";
    .port_info 5 /OUTPUT 72 "window_out";
P_00000212bc486f50 .param/l "IMG_WIDTH" 0 3 4, +C4<00000000000000000000000000001000>;
P_00000212bc486f88 .param/l "KERNEL_SIZE" 0 3 5, +C4<00000000000000000000000000000011>;
v00000212bc2efc60_0 .net "clk", 0 0, v00000212bc3549b0_0;  1 drivers
v00000212bc2f0110_0 .var "col", 2 0;
v00000212bc486a00 .array "line_mem0", 7 0, 7 0;
v00000212bc2f0f30 .array "line_mem1", 7 0, 7 0;
v00000212bc354af0_0 .net "pixel_in", 7 0, v00000212bc354f50_0;  1 drivers
v00000212bc3545f0_0 .net "pixel_valid", 0 0, v00000212bc354550_0;  1 drivers
v00000212bc354e10_0 .var "row", 2 0;
v00000212bc354870_0 .net "rst", 0 0, v00000212bc354730_0;  1 drivers
v00000212bc354ff0_0 .var "window_out", 71 0;
v00000212bc354eb0_0 .var "window_valid", 0 0;
E_00000212bc2ee090 .event posedge, v00000212bc354870_0, v00000212bc2efc60_0;
    .scope S_00000212bc2f9f30;
T_0 ;
    %wait E_00000212bc2ee090;
    %load/vec4 v00000212bc354870_0;
    %flag_set/vec4 8;
    %jmp/0xz  T_0.0, 8;
    %pushi/vec4 0, 0, 3;
    %assign/vec4 v00000212bc2f0110_0, 0;
    %pushi/vec4 0, 0, 3;
    %assign/vec4 v00000212bc354e10_0, 0;
    %pushi/vec4 0, 0, 1;
    %assign/vec4 v00000212bc354eb0_0, 0;
    %jmp T_0.1;
T_0.0 ;
    %load/vec4 v00000212bc3545f0_0;
    %flag_set/vec4 8;
    %jmp/0xz  T_0.2, 8;
    %load/vec4 v00000212bc2f0110_0;
    %pad/u 5;
    %ix/vec4 4;
    %load/vec4a v00000212bc2f0f30, 4;
    %load/vec4 v00000212bc2f0110_0;
    %pad/u 5;
    %ix/vec4 3;
    %ix/load 4, 0, 0; Constant delay
    %assign/vec4/a/d v00000212bc486a00, 0, 4;
    %load/vec4 v00000212bc354af0_0;
    %load/vec4 v00000212bc2f0110_0;
    %pad/u 5;
    %ix/vec4 3;
    %ix/load 4, 0, 0; Constant delay
    %assign/vec4/a/d v00000212bc2f0f30, 0, 4;
    %load/vec4 v00000212bc2f0110_0;
    %pad/u 32;
    %cmpi/e 7, 0, 32;
    %jmp/0xz  T_0.4, 4;
    %pushi/vec4 0, 0, 3;
    %assign/vec4 v00000212bc2f0110_0, 0;
    %load/vec4 v00000212bc354e10_0;
    %addi 1, 0, 3;
    %assign/vec4 v00000212bc354e10_0, 0;
    %jmp T_0.5;
T_0.4 ;
    %load/vec4 v00000212bc2f0110_0;
    %addi 1, 0, 3;
    %assign/vec4 v00000212bc2f0110_0, 0;
T_0.5 ;
    %pushi/vec4 2, 0, 32;
    %load/vec4 v00000212bc354e10_0;
    %pad/u 32;
    %cmp/u;
    %flag_get/vec4 4;
    %flag_get/vec4 5;
    %or;
    %pushi/vec4 2, 0, 32;
    %load/vec4 v00000212bc2f0110_0;
    %pad/u 32;
    %cmp/u;
    %flag_get/vec4 4;
    %flag_get/vec4 5;
    %or;
    %and;
    %flag_set/vec4 8;
    %jmp/0xz  T_0.6, 8;
    %pushi/vec4 1, 0, 1;
    %assign/vec4 v00000212bc354eb0_0, 0;
    %load/vec4 v00000212bc2f0110_0;
    %pad/u 33;
    %subi 2, 0, 33;
    %ix/vec4 4;
    %load/vec4a v00000212bc486a00, 4;
    %load/vec4 v00000212bc2f0110_0;
    %pad/u 33;
    %subi 1, 0, 33;
    %ix/vec4 4;
    %load/vec4a v00000212bc486a00, 4;
    %concat/vec4; draw_concat_vec4
    %load/vec4 v00000212bc2f0110_0;
    %pad/u 5;
    %ix/vec4 4;
    %load/vec4a v00000212bc486a00, 4;
    %concat/vec4; draw_concat_vec4
    %load/vec4 v00000212bc2f0110_0;
    %pad/u 33;
    %subi 2, 0, 33;
    %ix/vec4 4;
    %load/vec4a v00000212bc2f0f30, 4;
    %concat/vec4; draw_concat_vec4
    %load/vec4 v00000212bc2f0110_0;
    %pad/u 33;
    %subi 1, 0, 33;
    %ix/vec4 4;
    %load/vec4a v00000212bc2f0f30, 4;
    %concat/vec4; draw_concat_vec4
    %load/vec4 v00000212bc2f0110_0;
    %pad/u 5;
    %ix/vec4 4;
    %load/vec4a v00000212bc2f0f30, 4;
    %concat/vec4; draw_concat_vec4
    %load/vec4 v00000212bc354af0_0;
    %concat/vec4; draw_concat_vec4
    %load/vec4 v00000212bc354af0_0;
    %concat/vec4; draw_concat_vec4
    %load/vec4 v00000212bc354af0_0;
    %concat/vec4; draw_concat_vec4
    %assign/vec4 v00000212bc354ff0_0, 0;
    %jmp T_0.7;
T_0.6 ;
    %pushi/vec4 0, 0, 1;
    %assign/vec4 v00000212bc354eb0_0, 0;
T_0.7 ;
T_0.2 ;
T_0.1 ;
    %jmp T_0;
    .thread T_0;
    .scope S_00000212bc2f0da0;
T_1 ;
    %delay 5000, 0;
    %load/vec4 v00000212bc3549b0_0;
    %inv;
    %store/vec4 v00000212bc3549b0_0, 0, 1;
    %jmp T_1;
    .thread T_1;
    .scope S_00000212bc2f0da0;
T_2 ;
    %pushi/vec4 0, 0, 1;
    %store/vec4 v00000212bc3549b0_0, 0, 1;
    %pushi/vec4 1, 0, 1;
    %store/vec4 v00000212bc354730_0, 0, 1;
    %pushi/vec4 0, 0, 1;
    %store/vec4 v00000212bc354550_0, 0, 1;
    %pushi/vec4 0, 0, 8;
    %store/vec4 v00000212bc354f50_0, 0, 8;
    %delay 10000, 0;
    %pushi/vec4 0, 0, 1;
    %store/vec4 v00000212bc354730_0, 0, 1;
    %pushi/vec4 0, 0, 32;
    %store/vec4 v00000212bc3540f0_0, 0, 32;
T_2.0 ;
    %load/vec4 v00000212bc3540f0_0;
    %cmpi/s 16, 0, 32;
    %jmp/0xz T_2.1, 5;
    %load/vec4 v00000212bc3540f0_0;
    %pad/s 8;
    %ix/getv/s 4, v00000212bc3540f0_0;
    %store/vec4a v00000212bc354c30, 4, 0;
    %load/vec4 v00000212bc3540f0_0;
    %addi 1, 0, 32;
    %store/vec4 v00000212bc3540f0_0, 0, 32;
    %jmp T_2.0;
T_2.1 ;
    %pushi/vec4 0, 0, 32;
    %store/vec4 v00000212bc3540f0_0, 0, 32;
T_2.2 ;
    %load/vec4 v00000212bc3540f0_0;
    %cmpi/s 16, 0, 32;
    %jmp/0xz T_2.3, 5;
    %wait E_00000212bc2eea90;
    %ix/getv/s 4, v00000212bc3540f0_0;
    %load/vec4a v00000212bc354c30, 4;
    %assign/vec4 v00000212bc354f50_0, 0;
    %pushi/vec4 1, 0, 1;
    %assign/vec4 v00000212bc354550_0, 0;
    %load/vec4 v00000212bc3540f0_0;
    %addi 1, 0, 32;
    %store/vec4 v00000212bc3540f0_0, 0, 32;
    %jmp T_2.2;
T_2.3 ;
    %wait E_00000212bc2eea90;
    %pushi/vec4 0, 0, 1;
    %assign/vec4 v00000212bc354550_0, 0;
    %delay 50000, 0;
    %vpi_call 2 51 "$finish" {0 0 0};
    %end;
    .thread T_2;
    .scope S_00000212bc2f0da0;
T_3 ;
    %wait E_00000212bc2eea90;
    %load/vec4 v00000212bc354550_0;
    %flag_set/vec4 8;
    %jmp/0xz  T_3.0, 8;
    %vpi_call 2 57 "$display", "Feeding pixel %d at time %0t", v00000212bc354f50_0, $time {0 0 0};
T_3.0 ;
    %load/vec4 v00000212bc3544b0_0;
    %flag_set/vec4 8;
    %jmp/0xz  T_3.2, 8;
    %vpi_call 2 60 "$display", "3x3 window @time %0t:", $time {0 0 0};
    %vpi_call 2 61 "$display", "%d %d %d", v00000212bc354690_0, v00000212bc354910_0, v00000212bc354190_0 {0 0 0};
    %vpi_call 2 62 "$display", "%d %d %d", v00000212bc354b90_0, v00000212bc354230_0, v00000212bc354cd0_0 {0 0 0};
    %vpi_call 2 63 "$display", "%d %d %d", v00000212bc3542d0_0, v00000212bc354d70_0, v00000212bc354370_0 {0 0 0};
    %vpi_call 2 64 "$display", "-----------------------------" {0 0 0};
T_3.2 ;
    %jmp T_3;
    .thread T_3;
    .scope S_00000212bc2f0da0;
T_4 ;
    %vpi_call 2 69 "$dumpfile", "line_buffer.vcd" {0 0 0};
    %vpi_call 2 70 "$dumpvars", 32'sb00000000000000000000000000000000, S_00000212bc2f0da0 {0 0 0};
    %end;
    .thread T_4;
# The file index is used to find the file name in the following table.
:file_names 4;
    "N/A";
    "<interactive>";
    "tb_line_buffer.v";
    "line_buffer.v";
